2025-09-05 19:50:44,996 - core.portfolio - INFO - Loaded 0 trades from database
2025-09-05 20:03:12,787 - core.portfolio - INFO - Loaded 0 trades from database
2025-09-09 16:13:32,127 - core.portfolio - INFO - Loaded 1 trades from database
2025-09-09 16:13:32,135 - core.portfolio - INFO - Loaded 1 trades from database
2025-09-09 16:13:32,152 - main - INFO - [MOMENTUM_FILTER] XAUUSDm | Analyzing trigger candle...
2025-09-09 16:13:32,268 - main - INFO - [MOMENTUM_FILTER] XAUUSDm | Analyzing candle body strength...
2025-09-09 16:13:32,274 - main - INFO - [MOMENTUM_FILTER] USTECm | Analyzing trigger candle...
2025-09-09 16:13:32,288 - main - INFO - [MOMENTUM_FILTER] USTECm | Analyzing candle body strength...
2025-09-09 16:15:25,169 - core.portfolio - INFO - Loaded 1 trades from database
2025-09-09 16:15:25,178 - core.portfolio - INFO - Loaded 1 trades from database
2025-09-09 16:15:25,181 - main - INFO - [MOMENTUM_FILTER] EURUSDm | Analyzing trigger candle...
2025-09-09 16:15:25,181 - main - INFO - [MOMENTUM_FILTER] EURUSDm | [OK] Trigger candle: close 1.10008 > swing high 1.09953
2025-09-09 16:15:25,182 - main - INFO - [MOMENTUM_FILTER] EURUSDm | Analyzing candle body strength...
2025-09-09 16:15:25,192 - main - INFO - [MOMENTUM_FILTER] USDJPYm | Analyzing trigger candle...
2025-09-09 16:15:25,193 - main - INFO - [MOMENTUM_FILTER] USDJPYm | [OK] Trigger candle: close 149.99374 < swing low 150.08237
2025-09-09 16:15:25,194 - main - INFO - [MOMENTUM_FILTER] USDJPYm | Analyzing candle body strength...
2025-09-09 16:15:25,201 - main - INFO - [MOMENTUM_FILTER] XAUUSDm | Analyzing trigger candle...
2025-09-09 16:15:25,210 - main - INFO - [MOMENTUM_FILTER] USTECm | Analyzing trigger candle...
2025-09-09 16:15:25,213 - main - INFO - [MOMENTUM_FILTER] USTECm | [OK] Trigger candle: close 1.10594 > swing high 1.10156
2025-09-09 16:15:25,214 - main - INFO - [MOMENTUM_FILTER] USTECm | Analyzing candle body strength...
2025-09-09 16:16:10,853 - core.portfolio - INFO - Loaded 1 trades from database
2025-09-09 16:16:10,864 - core.portfolio - INFO - Loaded 1 trades from database
2025-09-09 16:16:10,870 - main - INFO - [MOMENTUM_FILTER] EURUSDm | Analyzing trigger candle...
2025-09-09 16:16:10,871 - main - INFO - [MOMENTUM_FILTER] EURUSDm | [OK] Trigger candle: close 1.10153 > swing high 1.10098
2025-09-09 16:16:10,873 - main - INFO - [MOMENTUM_FILTER] EURUSDm | Analyzing candle body strength...
2025-09-09 16:16:10,877 - main - INFO - [MOMENTUM_FILTER] EURUSDm | [OK] Strong body: 100.0% >= 60.0%
2025-09-09 16:16:10,878 - main - INFO - [MOMENTUM_FILTER] EURUSDm | Analyzing momentum acceleration...
2025-09-09 16:16:10,890 - main - INFO - [MOMENTUM_FILTER] USDJPYm | Analyzing trigger candle...
2025-09-09 16:16:10,891 - main - INFO - [MOMENTUM_FILTER] USDJPYm | [OK] Trigger candle: close 149.76222 < swing low 149.83722
2025-09-09 16:16:10,892 - main - INFO - [MOMENTUM_FILTER] USDJPYm | Analyzing candle body strength...
2025-09-09 16:16:10,893 - main - INFO - [MOMENTUM_FILTER] USDJPYm | [OK] Strong body: 100.0% >= 60.0%
2025-09-09 16:16:10,894 - main - INFO - [MOMENTUM_FILTER] USDJPYm | Analyzing momentum acceleration...
2025-09-09 16:16:10,905 - main - INFO - [MOMENTUM_FILTER] XAUUSDm | Analyzing trigger candle...
2025-09-09 16:16:10,916 - main - INFO - [MOMENTUM_FILTER] USTECm | Analyzing trigger candle...
2025-09-09 16:16:38,178 - core.portfolio - INFO - Loaded 1 trades from database
2025-09-09 16:16:38,184 - core.portfolio - INFO - Loaded 1 trades from database
2025-09-09 16:16:38,190 - main - INFO - [MOMENTUM_FILTER] EURUSDm | Analyzing trigger candle...
2025-09-09 16:16:38,191 - main - INFO - [MOMENTUM_FILTER] EURUSDm | [OK] Trigger candle: close 1.10023 > swing high 1.09968
2025-09-09 16:16:38,192 - main - INFO - [MOMENTUM_FILTER] EURUSDm | Analyzing candle body strength...
2025-09-09 16:16:38,192 - main - INFO - [MOMENTUM_FILTER] EURUSDm | [OK] Strong body: 100.0% >= 60.0%
2025-09-09 16:16:38,193 - main - INFO - [MOMENTUM_FILTER] EURUSDm | Analyzing momentum acceleration...
2025-09-09 16:16:38,199 - main - INFO - [MOMENTUM_FILTER] USDJPYm | Analyzing trigger candle...
2025-09-09 16:16:38,200 - main - INFO - [MOMENTUM_FILTER] USDJPYm | [OK] Trigger candle: close 149.88872 < swing low 149.96372
2025-09-09 16:16:38,200 - main - INFO - [MOMENTUM_FILTER] USDJPYm | Analyzing candle body strength...
2025-09-09 16:16:38,201 - main - INFO - [MOMENTUM_FILTER] USDJPYm | [OK] Strong body: 100.0% >= 60.0%
2025-09-09 16:16:38,201 - main - INFO - [MOMENTUM_FILTER] USDJPYm | Analyzing momentum acceleration...
2025-09-09 16:16:38,211 - main - INFO - [MOMENTUM_FILTER] XAUUSDm | Analyzing trigger candle...
2025-09-09 16:16:38,211 - main - INFO - [MOMENTUM_FILTER] XAUUSDm | [OK] Trigger candle: close 1.10796 > swing high 1.10647
2025-09-09 16:16:38,212 - main - INFO - [MOMENTUM_FILTER] XAUUSDm | Analyzing candle body strength...
2025-09-09 16:16:38,212 - main - INFO - [MOMENTUM_FILTER] XAUUSDm | [OK] Strong body: 83.1% >= 60.0%
2025-09-09 16:16:38,213 - main - INFO - [MOMENTUM_FILTER] XAUUSDm | Analyzing momentum acceleration...
2025-09-09 16:16:38,222 - main - INFO - [MOMENTUM_FILTER] USTECm | Analyzing trigger candle...
